LINK : warning LNK4098: defaultlib 'MSVCRT' conflicts with use of other libs; use /NODEFAULTLIB:library
Astroid.obj : error LNK2019: unresolved external symbol "public: __cdecl Vector3::Vector3(void)" (??0Vector3@@QEAA@XZ) referenced in function "public: __cdecl Astroid::Astroid(char const *)" (??0Astroid@@QEAA@PEBD@Z)
Tank.obj : error LNK2001: unresolved external symbol "public: __cdecl Vector2::Vector2(void)" (??0Vector2@@QEAA@XZ)
Astroid.obj : error LNK2001: unresolved external symbol "public: __cdecl Vector2::Vector2(void)" (??0Vector2@@QEAA@XZ)
Bullet.obj : error LNK2001: unresolved external symbol "public: __cdecl Vector2::Vector2(void)" (??0Vector2@@QEAA@XZ)
Collider.obj : error LNK2001: unresolved external symbol "public: __cdecl Vector2::Vector2(void)" (??0Vector2@@QEAA@XZ)
GameObject.obj : error LNK2001: unresolved external symbol "public: __cdecl Vector2::Vector2(void)" (??0Vector2@@QEAA@XZ)
Level.obj : error LNK2001: unresolved external symbol "public: __cdecl Vector2::Vector2(float,float)" (??0Vector2@@QEAA@MM@Z)
Tank.obj : error LNK2001: unresolved external symbol "public: __cdecl Vector2::Vector2(float,float)" (??0Vector2@@QEAA@MM@Z)
Turret.obj : error LNK2001: unresolved external symbol "public: __cdecl Vector2::Vector2(float,float)" (??0Vector2@@QEAA@MM@Z)
Astroid.obj : error LNK2001: unresolved external symbol "public: __cdecl Vector2::Vector2(float,float)" (??0Vector2@@QEAA@MM@Z)
Bullet.obj : error LNK2001: unresolved external symbol "public: __cdecl Vector2::Vector2(float,float)" (??0Vector2@@QEAA@MM@Z)
Thrust.obj : error LNK2001: unresolved external symbol "public: __cdecl Vector2::Vector2(float,float)" (??0Vector2@@QEAA@MM@Z)
GameObject.obj : error LNK2001: unresolved external symbol "public: __cdecl Vector2::Vector2(float,float)" (??0Vector2@@QEAA@MM@Z)
Astroid.obj : error LNK2019: unresolved external symbol "public: float __cdecl Vector2::magnitude(void)" (?magnitude@Vector2@@QEAAMXZ) referenced in function "public: virtual void __cdecl Astroid::Update(float)" (?Update@Astroid@@UEAAXM@Z)
Bullet.obj : error LNK2001: unresolved external symbol "public: float __cdecl Vector2::magnitude(void)" (?magnitude@Vector2@@QEAAMXZ)
Tank.obj : error LNK2001: unresolved external symbol "public: float __cdecl Vector2::magnitude(void)" (?magnitude@Vector2@@QEAAMXZ)
Astroid.obj : error LNK2019: unresolved external symbol "public: void __cdecl Vector2::normalise(void)" (?normalise@Vector2@@QEAAXXZ) referenced in function "public: virtual void __cdecl Astroid::Update(float)" (?Update@Astroid@@UEAAXM@Z)
Bullet.obj : error LNK2001: unresolved external symbol "public: void __cdecl Vector2::normalise(void)" (?normalise@Vector2@@QEAAXXZ)
Tank.obj : error LNK2001: unresolved external symbol "public: void __cdecl Vector2::normalise(void)" (?normalise@Vector2@@QEAAXXZ)
Turret.obj : error LNK2001: unresolved external symbol "public: void __cdecl Vector2::normalise(void)" (?normalise@Vector2@@QEAAXXZ)
Astroid.obj : error LNK2019: unresolved external symbol "public: struct Vector2 __cdecl Vector2::operator+(struct Vector2 const &)" (??HVector2@@QEAA?AU0@AEBU0@@Z) referenced in function "public: virtual void __cdecl Astroid::Update(float)" (?Update@Astroid@@UEAAXM@Z)
Bullet.obj : error LNK2001: unresolved external symbol "public: struct Vector2 __cdecl Vector2::operator+(struct Vector2 const &)" (??HVector2@@QEAA?AU0@AEBU0@@Z)
Collider.obj : error LNK2001: unresolved external symbol "public: struct Vector2 __cdecl Vector2::operator+(struct Vector2 const &)" (??HVector2@@QEAA?AU0@AEBU0@@Z)
Tank.obj : error LNK2001: unresolved external symbol "public: struct Vector2 __cdecl Vector2::operator+(struct Vector2 const &)" (??HVector2@@QEAA?AU0@AEBU0@@Z)
Astroid.obj : error LNK2019: unresolved external symbol "public: struct Vector2 __cdecl Vector2::operator*(float)" (??DVector2@@QEAA?AU0@M@Z) referenced in function "public: virtual void __cdecl Astroid::Update(float)" (?Update@Astroid@@UEAAXM@Z)
Bullet.obj : error LNK2001: unresolved external symbol "public: struct Vector2 __cdecl Vector2::operator*(float)" (??DVector2@@QEAA?AU0@M@Z)
Tank.obj : error LNK2001: unresolved external symbol "public: struct Vector2 __cdecl Vector2::operator*(float)" (??DVector2@@QEAA?AU0@M@Z)
Astroid.obj : error LNK2019: unresolved external symbol "public: struct Vector2 & __cdecl Vector2::operator*=(float)" (??XVector2@@QEAAAEAU0@M@Z) referenced in function "public: virtual void __cdecl Astroid::Update(float)" (?Update@Astroid@@UEAAXM@Z)
Bullet.obj : error LNK2001: unresolved external symbol "public: struct Vector2 & __cdecl Vector2::operator*=(float)" (??XVector2@@QEAAAEAU0@M@Z)
Tank.obj : error LNK2001: unresolved external symbol "public: struct Vector2 & __cdecl Vector2::operator*=(float)" (??XVector2@@QEAAAEAU0@M@Z)
Astroid.obj : error LNK2019: unresolved external symbol "public: struct Vector3 & __cdecl Matrix3::operator[](int)" (??AMatrix3@@QEAAAEAUVector3@@H@Z) referenced in function "public: __cdecl Astroid::Astroid(char const *)" (??0Astroid@@QEAA@PEBD@Z)
Tank.obj : error LNK2001: unresolved external symbol "public: struct Vector3 & __cdecl Matrix3::operator[](int)" (??AMatrix3@@QEAAAEAUVector3@@H@Z)
Bullet.obj : error LNK2019: unresolved external symbol "public: float __cdecl Vector2::magnitudeSqr(void)" (?magnitudeSqr@Vector2@@QEAAMXZ) referenced in function "public: void __cdecl Bullet::Fire(struct Vector2,struct Vector2)" (?Fire@Bullet@@QEAAXUVector2@@0@Z)
GameObject.obj : error LNK2019: unresolved external symbol "public: __cdecl Matrix3::Matrix3(void)" (??0Matrix3@@QEAA@XZ) referenced in function "public: __cdecl GameObject::GameObject(char const *)" (??0GameObject@@QEAA@PEBD@Z)
GameObject.obj : error LNK2019: unresolved external symbol "public: struct Matrix3 __cdecl Matrix3::operator*(struct Matrix3 const &)" (??DMatrix3@@QEAA?AU0@AEBU0@@Z) referenced in function "public: void __cdecl GameObject::UpDateGlobalTransform(void)" (?UpDateGlobalTransform@GameObject@@QEAAXXZ)
GameObject.obj : error LNK2019: unresolved external symbol "public: __cdecl Matrix3::operator float *(void)" (??BMatrix3@@QEAAPEAMXZ) referenced in function "public: virtual void __cdecl GameObject::Draw(class aie::Renderer2D *)" (?Draw@GameObject@@UEAAXPEAVRenderer2D@aie@@@Z)
GameObject.obj : error LNK2019: unresolved external symbol "public: void __cdecl Matrix3::setRotateZ(float)" (?setRotateZ@Matrix3@@QEAAXM@Z) referenced in function "public: void __cdecl GameObject::SetRotation(float)" (?SetRotation@GameObject@@QEAAXM@Z)
GameObject.obj : error LNK2019: unresolved external symbol "public: void __cdecl Matrix3::SetTranslation(struct Vector2)" (?SetTranslation@Matrix3@@QEAAXUVector2@@@Z) referenced in function "public: void __cdecl GameObject::SetPosition(struct Vector2)" (?SetPosition@GameObject@@QEAAXUVector2@@@Z)
GameObject.obj : error LNK2019: unresolved external symbol "public: struct Vector2 __cdecl Matrix3::GetTranslation(void)" (?GetTranslation@Matrix3@@QEAA?AUVector2@@XZ) referenced in function "public: void __cdecl GameObject::UpDateGlobalTransform(void)" (?UpDateGlobalTransform@GameObject@@QEAAXXZ)
GameObject.obj : error LNK2019: unresolved external symbol "public: void __cdecl Matrix3::setScale(struct Vector2)" (?setScale@Matrix3@@QEAAXUVector2@@@Z) referenced in function "public: void __cdecl GameObject::SetScale(struct Vector2)" (?SetScale@GameObject@@QEAAXUVector2@@@Z)
GameObject.obj : error LNK2019: unresolved external symbol "public: float __cdecl Matrix3::getRotation(void)" (?getRotation@Matrix3@@QEAAMXZ) referenced in function "public: float __cdecl GameObject::GetLocalRotation(void)" (?GetLocalRotation@GameObject@@QEAAMXZ)
GameObject.obj : error LNK2019: unresolved external symbol "public: struct Vector2 __cdecl Matrix3::getScale(void)" (?getScale@Matrix3@@QEAA?AUVector2@@XZ) referenced in function "public: struct Vector2 __cdecl GameObject::GetScale(void)" (?GetScale@GameObject@@QEAA?AUVector2@@XZ)
Tank.obj : error LNK2019: unresolved external symbol "public: struct Vector2 & __cdecl Vector2::operator+=(struct Vector2 const &)" (??YVector2@@QEAAAEAU0@AEBU0@@Z) referenced in function "public: virtual void __cdecl Tank::Update(float)" (?Update@Tank@@UEAAXM@Z)
Turret.obj : error LNK2019: unresolved external symbol "public: struct Vector2 __cdecl Vector2::operator-(struct Vector2 const &)" (??GVector2@@QEAA?AU0@AEBU0@@Z) referenced in function "public: void __cdecl Turret::UpdateMouse(float)" (?UpdateMouse@Turret@@QEAAXM@Z)
Turret.obj : error LNK2019: unresolved external symbol "public: struct Vector2 __cdecl Matrix3::getPosition(void)" (?getPosition@Matrix3@@QEAA?AUVector2@@XZ) referenced in function "public: void __cdecl Turret::UpdateMouse(float)" (?UpdateMouse@Turret@@QEAAXM@Z)
MathLibrary.lib : warning LNK4272: library machine type 'x86' conflicts with target machine type 'x64'
C:\Users\alexm\Desktop\Programming\Asteroids\Asteroids.git\trunk\temp\Project2D\x64\Debug\Project2D.exe : fatal error LNK1120: 22 unresolved externals
